<?xml version="1.0" encoding="UTF-8"?>
<testng-results ignored="8" total="9" passed="1" failed="0" skipped="0">
  <reporter-output>
  </reporter-output>
  <suite started-at="2023-02-20T13:38:23 EST" name="Default suite" finished-at="2023-02-20T13:38:35 EST" duration-ms="12074">
    <groups>
    </groups>
    <test started-at="2023-02-20T13:38:23 EST" name="Default test" finished-at="2023-02-20T13:38:35 EST" duration-ms="12074">
      <class name="dsalgo_pageObject.Runner">
        <test-method is-config="true" signature="Lunch()[pri:0, instance:dsalgo_pageObject.Runner@55f3c410]" started-at="2023-02-20T13:38:23 EST" name="Lunch" finished-at="2023-02-20T13:38:26 EST" duration-ms="3580" status="PASS">
          <reporter-output>
          </reporter-output>
        </test-method> <!-- Lunch -->
        <test-method signature="Stack1()[pri:0, instance:dsalgo_pageObject.Runner@55f3c410]" started-at="2023-02-20T13:38:27 EST" name="Stack1" finished-at="2023-02-20T13:38:35 EST" duration-ms="8362" status="PASS">
          <reporter-output>
          </reporter-output>
        </test-method> <!-- Stack1 -->
      </class> <!-- dsalgo_pageObject.Runner -->
    </test> <!-- Default test -->
  </suite> <!-- Default suite -->
</testng-results>
