<?xml version="1.0" encoding="UTF-8"?>
<!-- Generated by org.testng.reporters.JUnitXMLReporter -->
<testsuite ignored="0" hostname="RaghavySenthilKumar" failures="0" tests="20" name="Test" time="224.033" errors="0" timestamp="2023-02-23T17:08:26 EST">
  <testcase classname="dsalgo_pageObject.Runner" name="ArrayMaxConsPracticeQ" time="18.914"/>
  <testcase classname="dsalgo_pageObject.Runner" name="ArrayPracticeQ" time="20.748"/>
  <testcase classname="dsalgo_pageObject.Runner" name="ArrayfindnoPracticeq" time="10.102"/>
  <testcase classname="dsalgo_pageObject.Runner" name="ArraysquarePracticeQ" time="7.02"/>
  <testcase classname="dsalgo_pageObject.Runner" name="Datastructure" time="7.106"/>
  <testcase classname="dsalgo_pageObject.Runner" name="Graph" time="10.524"/>
  <testcase classname="dsalgo_pageObject.Runner" name="Graph1" time="3.032"/>
  <testcase classname="dsalgo_pageObject.Runner" name="Linkedlist1" time="26.155"/>
  <testcase classname="dsalgo_pageObject.Runner" name="LoginPage" time="1.492"/>
  <testcase classname="dsalgo_pageObject.Runner" name="Queue" time="11.314"/>
  <testcase classname="dsalgo_pageObject.Runner" name="QueuepracticeQ" time="1.656"/>
  <testcase classname="dsalgo_pageObject.Runner" name="Regpage" time="5.177"/>
  <testcase classname="dsalgo_pageObject.Runner" name="Stack1" time="9.692"/>
  <testcase classname="dsalgo_pageObject.Runner" name="Tree" time="21.673"/>
  <testcase classname="dsalgo_pageObject.Runner" name="Tree1" time="1.304"/>
  <testcase classname="dsalgo_pageObject.Runner" name="array" time="6.719"/>
  <testcase classname="dsalgo_pageObject.Runner" name="dropdown" time="0.426"/>
  <testcase classname="dsalgo_pageObject.Runner" name="home_getstarted" time="0.278"/>
  <testcase classname="dsalgo_pageObject.Runner" name="selectAlldrop" time="7.579"/>
  <testcase classname="dsalgo_pageObject.Runner" name="signin" time="2.094"/>
</testsuite> <!-- Test -->
