<?xml version="1.0" encoding="UTF-8"?>
<!-- Generated by org.testng.reporters.JUnitXMLReporter -->
<testsuite ignored="0" hostname="RaghavySenthilKumar" failures="0" tests="9" name="Test" time="59.103" errors="0" timestamp="2023-02-22T16:24:54 EST">
  <testcase classname="dsalgo_pageObject.Runner" name="Datastructure" time="3.597"/>
  <testcase classname="dsalgo_pageObject.Runner" name="Linkedlist1" time="11.454"/>
  <testcase classname="dsalgo_pageObject.Runner" name="LoginPage" time="1.174"/>
  <testcase classname="dsalgo_pageObject.Runner" name="Regpage" time="4.939"/>
  <testcase classname="dsalgo_pageObject.Runner" name="Stack1" time="7.247"/>
  <testcase classname="dsalgo_pageObject.Runner" name="dropdown" time="0.271"/>
  <testcase classname="dsalgo_pageObject.Runner" name="home_getstarted" time="0.263"/>
  <testcase classname="dsalgo_pageObject.Runner" name="selectAlldrop" time="7.552"/>
  <testcase classname="dsalgo_pageObject.Runner" name="signin" time="2.126"/>
</testsuite> <!-- Test -->
