<?xml version="1.0" encoding="UTF-8"?>
<!-- Generated by org.testng.reporters.JUnitXMLReporter -->
<testsuite ignored="0" hostname="RaghavySenthilKumar" failures="0" tests="9" name="Default test" time="59.388" errors="0" timestamp="2023-02-21T12:44:55 EST">
  <testcase classname="dsalgo_pageObject.Runner" name="Datastructure" time="3.293"/>
  <testcase classname="dsalgo_pageObject.Runner" name="Linkedlist1" time="13.379"/>
  <testcase classname="dsalgo_pageObject.Runner" name="LoginPage" time="1.418"/>
  <testcase classname="dsalgo_pageObject.Runner" name="Regpage" time="4.762"/>
  <testcase classname="dsalgo_pageObject.Runner" name="Stack1" time="5.694"/>
  <testcase classname="dsalgo_pageObject.Runner" name="dropdown" time="0.588"/>
  <testcase classname="dsalgo_pageObject.Runner" name="home_getstarted" time="0.251"/>
  <testcase classname="dsalgo_pageObject.Runner" name="selectAlldrop" time="8.25"/>
  <testcase classname="dsalgo_pageObject.Runner" name="signin" time="1.926"/>
</testsuite> <!-- Default test -->
