<?xml version="1.0" encoding="UTF-8"?>
<!-- Generated by org.testng.reporters.JUnitXMLReporter -->
<testsuite ignored="0" hostname="RaghavySenthilKumar" failures="0" tests="9" name="Default test" time="57.345" errors="0" timestamp="2023-02-22T15:39:58 EST">
  <testcase classname="dsalgo_pageObject.Runner" name="Datastructure" time="5.281"/>
  <testcase classname="dsalgo_pageObject.Runner" name="Linkedlist1" time="11.619"/>
  <testcase classname="dsalgo_pageObject.Runner" name="LoginPage" time="1.07"/>
  <testcase classname="dsalgo_pageObject.Runner" name="Regpage" time="4.651"/>
  <testcase classname="dsalgo_pageObject.Runner" name="Stack1" time="5.347"/>
  <testcase classname="dsalgo_pageObject.Runner" name="dropdown" time="0.225"/>
  <testcase classname="dsalgo_pageObject.Runner" name="home_getstarted" time="0.184"/>
  <testcase classname="dsalgo_pageObject.Runner" name="selectAlldrop" time="7.662"/>
  <testcase classname="dsalgo_pageObject.Runner" name="signin" time="1.914"/>
</testsuite> <!-- Default test -->
